Removed Member From Class: ClassName=Designator Member=C200
Removed Member From Class: ClassName=Designator Member=J202
Removed Member From Class: ClassName=Designator Member=S200
Removed Member From Class: ClassName=Designator Member=TP200
Added Pin To Net: NetName=NetJ401_2 Pin=U200-1
Added Pin To Net: NetName=NetJ401_3 Pin=U200-2
Added Pin To Net: NetName=GND Pin=U200-3
Added Pin To Net: NetName=NetJ400_3 Pin=U200-4
Added Pin To Net: NetName=CTRL Pin=U200-5
Added Pin To Net: NetName=C\H\G\ Pin=U200-6
Added Pin To Net: NetName=GP5 Pin=U200-7
Added Pin To Net: NetName=GND Pin=U200-8
Added Pin To Net: NetName=GP6 Pin=U200-9
Added Pin To Net: NetName=GP7 Pin=U200-10
Added Pin To Net: NetName=GP8 Pin=U200-11
Added Pin To Net: NetName=GP9 Pin=U200-12
Added Pin To Net: NetName=GND Pin=U200-13
Added Pin To Net: NetName=GP10 Pin=U200-14
Added Pin To Net: NetName=GP11 Pin=U200-15
Added Pin To Net: NetName=GP12 Pin=U200-16
Added Pin To Net: NetName=GP13 Pin=U200-17
Added Pin To Net: NetName=GND Pin=U200-18
Added Pin To Net: NetName=GP14 Pin=U200-19
Added Pin To Net: NetName=GP15 Pin=U200-20
Added Pin To Net: NetName=GP16 Pin=U200-21
Added Pin To Net: NetName=GP17 Pin=U200-22
Added Pin To Net: NetName=GND Pin=U200-23
Added Pin To Net: NetName=GP18 Pin=U200-24
Added Pin To Net: NetName=GP19 Pin=U200-25
Added Pin To Net: NetName=GP20 Pin=U200-26
Added Pin To Net: NetName=GP21 Pin=U200-27
Added Pin To Net: NetName=GND Pin=U200-28
Added Pin To Net: NetName=GP22 Pin=U200-29
Added Pin To Net: NetName=RESET Pin=U200-30
Added Pin To Net: NetName=NetIC400_3 Pin=U200-31
Added Pin To Net: NetName=NetIC401_3 Pin=U200-32
Added Pin To Net: NetName=GND Pin=U200-33
Added Pin To Net: NetName=I_SENSE Pin=U200-34
Added Pin To Net: NetName=AVREF Pin=U200-35
Added Pin To Net: NetName=+3V3_PICO Pin=U200-36
Added Pin To Net: NetName=HARD_RESET Pin=U200-37
Added Pin To Net: NetName=GND Pin=U200-38
Added Pin To Net: NetName=+5V Pin=U200-39
Added Pin To Net: NetName=SWCLK Pin=U200-41
Added Pin To Net: NetName=GND Pin=U200-42
Added Pin To Net: NetName=SWDIO Pin=U200-43
Add Class: Class already exists: Designator
Add Class: Class already exists: Designator
Added Member To Class: ClassName=Designator Member=Component C301 0.1 µF
Added Member To Class: ClassName=Designator Member=Component D300 RBR2MM40CTFTR
Added Member To Class: ClassName=Designator Member=Component J300 B2B-XH-A(LF)(SN)
Added Member To Class: ClassName=Master Member=Component MH103 Exposed Mounting Hole M3
Added Member To Class: ClassName=Designator Member=Component Q301 BSS126
Added Member To Class: ClassName=Designator Member=Component S301 Rocker Switch
Added Member To Class: ClassName=Designator Member=Component TP302 S2751-46R
Added Room: Name=Designator
Added Room: Name=Designator
Added Room: Name=Designator
Added Room: Name=Master
