Change Component Designator: Old Designator=BT? New Designator=BT300
Change Component Designator: Old Designator=C? New Designator=C300
Change Component Designator: Old Designator=C? New Designator=C301
Change Component Designator: Old Designator=C? New Designator=C302
Change Component Designator: Old Designator=C? New Designator=C303
Change Component Designator: Old Designator=C? New Designator=C304
Change Component Designator: Old Designator=C? New Designator=C305
Change Component Designator: Old Designator=C? New Designator=C306
Change Component Designator: Old Designator=C? New Designator=C307
Change Component Designator: Old Designator=C? New Designator=C308
Change Component Designator: Old Designator=C? New Designator=C309
Change Component Designator: Old Designator=C? New Designator=C310
Change Component Designator: Old Designator=C? New Designator=C311
Change Component Designator: Old Designator=D? New Designator=D300
Change Component Designator: Old Designator=D? New Designator=D301
Change Component Designator: Old Designator=D? New Designator=D302
Change Component Designator: Old Designator=J? New Designator=J300
Change Component Designator: Old Designator=L? New Designator=L300
Change Component Designator: Old Designator=Q? New Designator=Q300
Change Component Designator: Old Designator=Q? New Designator=Q301
Change Component Designator: Old Designator=Q? New Designator=Q302
Change Component Designator: Old Designator=R? New Designator=R300
Change Component Designator: Old Designator=R? New Designator=R301
Change Component Designator: Old Designator=R? New Designator=R302
Change Component Designator: Old Designator=R? New Designator=R303
Change Component Designator: Old Designator=R? New Designator=R304
Change Component Designator: Old Designator=R? New Designator=R305
Change Component Designator: Old Designator=R? New Designator=R306
Change Component Designator: Old Designator=R? New Designator=R307
Change Component Designator: Old Designator=R? New Designator=R308
Change Component Designator: Old Designator=R? New Designator=R309
Change Component Designator: Old Designator=R? New Designator=R310
Change Component Designator: Old Designator=S? New Designator=S300
Change Component Designator: Old Designator=S? New Designator=S301
Change Component Designator: Old Designator=TP? New Designator=TP300
Change Component Designator: Old Designator=TP? New Designator=TP301
Change Component Designator: Old Designator=TP? New Designator=TP302
Change Component Designator: Old Designator=TP? New Designator=TP303
Change Component Designator: Old Designator=TP? New Designator=TP304
Change Component Designator: Old Designator=TP? New Designator=TP305
Change Component Designator: Old Designator=TP? New Designator=TP306
Change Component Designator: Old Designator=U? New Designator=U300
Change Component Designator: Old Designator=U? New Designator=U301
